<?xml version="1.0" encoding="UTF-8"?>
<testng-results skipped="1" failed="0" total="2" passed="1">
  <reporter-output>
  </reporter-output>
  <suite name="Suite" duration-ms="84312" started-at="2017-11-13T13:07:39Z" finished-at="2017-11-13T13:09:04Z">
    <groups>
    </groups>
    <test name="ChromeTest" duration-ms="84209" started-at="2017-11-13T13:07:39Z" finished-at="2017-11-13T13:09:04Z">
      <class name="Scripts.FlightBooking">
        <test-method status="PASS" signature="beforeMethod(java.lang.String)[pri:0, instance:Scripts.FlightBooking@32d992b2]" name="beforeMethod" is-config="true" duration-ms="53269" started-at="2017-11-13T18:37:39Z" finished-at="2017-11-13T18:38:33Z">
          <params>
            <param index="0">
              <value>
                <![CDATA[Chrome]]>
              </value>
            </param>
          </params>
          <reporter-output>
          </reporter-output>
        </test-method> <!-- beforeMethod -->
        <test-method status="PASS" signature="Book_Flight()[pri:0, instance:Scripts.FlightBooking@32d992b2]" name="Book_Flight" duration-ms="30933" started-at="2017-11-13T18:38:33Z" finished-at="2017-11-13T18:39:04Z">
          <reporter-output>
          </reporter-output>
        </test-method> <!-- Book_Flight -->
      </class> <!-- Scripts.FlightBooking -->
    </test> <!-- ChromeTest -->
    <test name="FireFoxTest" duration-ms="82" started-at="2017-11-13T13:09:04Z" finished-at="2017-11-13T13:09:04Z">
      <class name="Scripts.FlightBooking">
        <test-method status="FAIL" signature="beforeMethod(java.lang.String)[pri:0, instance:Scripts.FlightBooking@1753acfe]" name="beforeMethod" is-config="true" duration-ms="0" started-at="2017-11-13T18:39:04Z" finished-at="2017-11-13T18:39:04Z">
          <params>
            <param index="0">
              <value>
                <![CDATA[Firefox]]>
              </value>
            </param>
          </params>
          <exception class="java.lang.AssertionError">
            <message>
              <![CDATA[null]]>
            </message>
            <full-stacktrace>
              <![CDATA[java.lang.AssertionError: null
	at org.testng.Assert.fail(Assert.java:94)
	at org.testng.Assert.fail(Assert.java:101)
	at Scripts.FlightBooking.beforeMethod(FlightBooking.java:61)
	at sun.reflect.NativeMethodAccessorImpl.invoke0(Native Method)
	at sun.reflect.NativeMethodAccessorImpl.invoke(Unknown Source)
	at sun.reflect.DelegatingMethodAccessorImpl.invoke(Unknown Source)
	at java.lang.reflect.Method.invoke(Unknown Source)
	at org.testng.internal.MethodInvocationHelper.invokeMethod(MethodInvocationHelper.java:85)
	at org.testng.internal.Invoker.invokeConfigurationMethod(Invoker.java:510)
	at org.testng.internal.Invoker.invokeConfigurations(Invoker.java:211)
	at org.testng.internal.Invoker.invokeConfigurations(Invoker.java:138)
	at org.testng.internal.TestMethodWorker.invokeBeforeClassMethods(TestMethodWorker.java:170)
	at org.testng.internal.TestMethodWorker.run(TestMethodWorker.java:104)
	at org.testng.TestRunner.privateRun(TestRunner.java:774)
	at org.testng.TestRunner.run(TestRunner.java:624)
	at org.testng.SuiteRunner.runTest(SuiteRunner.java:359)
	at org.testng.SuiteRunner.runSequentially(SuiteRunner.java:354)
	at org.testng.SuiteRunner.privateRun(SuiteRunner.java:312)
	at org.testng.SuiteRunner.run(SuiteRunner.java:261)
	at org.testng.SuiteRunnerWorker.runSuite(SuiteRunnerWorker.java:52)
	at org.testng.SuiteRunnerWorker.run(SuiteRunnerWorker.java:86)
	at org.testng.TestNG.runSuitesSequentially(TestNG.java:1215)
	at org.testng.TestNG.runSuitesLocally(TestNG.java:1140)
	at org.testng.TestNG.run(TestNG.java:1048)
	at org.testng.remote.AbstractRemoteTestNG.run(AbstractRemoteTestNG.java:114)
	at org.testng.remote.RemoteTestNG.initAndRun(RemoteTestNG.java:251)
	at org.testng.remote.RemoteTestNG.main(RemoteTestNG.java:77)
]]>
            </full-stacktrace>
          </exception> <!-- java.lang.AssertionError -->
          <reporter-output>
          </reporter-output>
        </test-method> <!-- beforeMethod -->
        <test-method status="SKIP" signature="Book_Flight()[pri:0, instance:Scripts.FlightBooking@1753acfe]" name="Book_Flight" duration-ms="1" started-at="2017-11-13T18:39:04Z" finished-at="2017-11-13T18:39:04Z">
          <reporter-output>
          </reporter-output>
        </test-method> <!-- Book_Flight -->
      </class> <!-- Scripts.FlightBooking -->
    </test> <!-- FireFoxTest -->
  </suite> <!-- Suite -->
</testng-results>
